Config saved: logs/D4RL/pointmaze/umaze-v2/config.json

Loading dataset...
Traceback (most recent call last):
  File "/home/pijet/pointmaze_with_diffusion/scripts/train.py", line 493, in <module>
    main()
  File "/home/pijet/pointmaze_with_diffusion/scripts/train.py", line 384, in main
    dataset = SequenceDataset(
TypeError: SequenceDataset.__init__() got an unexpected keyword argument 'dataset_name'
Traceback (most recent call last):
  File "/home/pijet/pointmaze_with_diffusion/scripts/train.py", line 493, in <module>
    main()
  File "/home/pijet/pointmaze_with_diffusion/scripts/train.py", line 384, in main
    dataset = SequenceDataset(
TypeError: SequenceDataset.__init__() got an unexpected keyword argument 'dataset_name'
